<?xml version="1.0" encoding="UTF-8"?>
<testng-results skipped="0" failed="0" ignored="0" total="1" passed="1">
  <reporter-output>
  </reporter-output>
  <suite name="Default suite" duration-ms="22799" started-at="2019-02-15T11:00:19Z" finished-at="2019-02-15T11:00:42Z">
    <groups>
    </groups>
    <test name="Default test" duration-ms="22799" started-at="2019-02-15T11:00:19Z" finished-at="2019-02-15T11:00:42Z">
      <class name="com.training.functional.tests.AdminToReturnProductsOfCustomerAndDeleteFromDatabase_081_Tests">
        <test-method status="PASS" signature="setUpBeforeClass()[pri:0, instance:com.training.functional.tests.AdminToReturnProductsOfCustomerAndDeleteFromDatabase_081_Tests@4678c730]" name="setUpBeforeClass" is-config="true" duration-ms="20" started-at="2019-02-15T16:30:19Z" finished-at="2019-02-15T16:30:19Z">
          <reporter-output>
          </reporter-output>
        </test-method> <!-- setUpBeforeClass -->
        <test-method status="PASS" signature="setUp()[pri:0, instance:com.training.functional.tests.AdminToReturnProductsOfCustomerAndDeleteFromDatabase_081_Tests@4678c730]" name="setUp" is-config="true" duration-ms="7767" started-at="2019-02-15T16:30:19Z" finished-at="2019-02-15T16:30:27Z">
          <reporter-output>
          </reporter-output>
        </test-method> <!-- setUp -->
        <test-method status="PASS" signature="verifyAdminAbleToReturnProductsAndDelete(java.lang.String, java.lang.String, java.lang.String, java.lang.String, java.lang.String, java.lang.String, java.lang.String, java.lang.String)[pri:0, instance:com.training.functional.tests.AdminToReturnProductsOfCustomerAndDeleteFromDatabase_081_Tests@4678c730]" name="verifyAdminAbleToReturnProductsAndDelete" duration-ms="12669" started-at="2019-02-15T16:30:27Z" data-provider="db-inputs" finished-at="2019-02-15T16:30:40Z">
          <params>
            <param index="0">
              <value>
                <![CDATA[90]]>
              </value>
            </param>
            <param index="1">
              <value>
                <![CDATA[sooman]]>
              </value>
            </param>
            <param index="2">
              <value>
                <![CDATA[sooman]]>
              </value>
            </param>
            <param index="3">
              <value>
                <![CDATA[bose]]>
              </value>
            </param>
            <param index="4">
              <value>
                <![CDATA[sbose@abc.com]]>
              </value>
            </param>
            <param index="5">
              <value>
                <![CDATA[9876543210]]>
              </value>
            </param>
            <param index="6">
              <value>
                <![CDATA[Integer vitae iaculis massa]]>
              </value>
            </param>
            <param index="7">
              <value>
                <![CDATA[SKU-003]]>
              </value>
            </param>
          </params>
          <reporter-output>
          </reporter-output>
        </test-method> <!-- verifyAdminAbleToReturnProductsAndDelete -->
        <test-method status="PASS" signature="tearDown()[pri:0, instance:com.training.functional.tests.AdminToReturnProductsOfCustomerAndDeleteFromDatabase_081_Tests@4678c730]" name="tearDown" is-config="true" duration-ms="1957" started-at="2019-02-15T16:30:40Z" finished-at="2019-02-15T16:30:42Z">
          <reporter-output>
          </reporter-output>
        </test-method> <!-- tearDown -->
      </class> <!-- com.training.functional.tests.AdminToReturnProductsOfCustomerAndDeleteFromDatabase_081_Tests -->
    </test> <!-- Default test -->
  </suite> <!-- Default suite -->
</testng-results>
