<?xml version="1.0" encoding="UTF-8"?>
<!-- Generated by org.testng.reporters.JUnitXMLReporter -->
<testsuite hostname="IBM944-PC0GHYEN" ignored="0" name="Default test" tests="4" failures="0" timestamp="25 Jan 2019 12:56:08 GMT" time="44.165" errors="0">
  <testcase name="setUp" time="17.863" classname="com.training.functional.tests.RTTC_021_Tests"/>
  <testcase name="validLoginTest" time="10.377" classname="com.training.functional.tests.RTTC_021_Tests"/>
  <testcase name="deleteCustomerDetailsFromCustomerList" time="13.99" classname="com.training.functional.tests.RTTC_021_Tests"/>
  <testcase name="tearDown" time="1.875" classname="com.training.functional.tests.RTTC_021_Tests"/>
</testsuite> <!-- Default test -->
